ARM GAS  /tmp/ccXruCUq.s 			page 1


   1              		.cpu cortex-m4
   2              		.arch armv7e-m
   3              		.fpu fpv4-sp-d16
   4              		.eabi_attribute 27, 1
   5              		.eabi_attribute 28, 1
   6              		.eabi_attribute 20, 1
   7              		.eabi_attribute 21, 1
   8              		.eabi_attribute 23, 3
   9              		.eabi_attribute 24, 1
  10              		.eabi_attribute 25, 1
  11              		.eabi_attribute 26, 1
  12              		.eabi_attribute 30, 1
  13              		.eabi_attribute 34, 1
  14              		.eabi_attribute 18, 4
  15              		.file	"gpio.c"
  16              		.text
  17              	.Ltext0:
  18              		.cfi_sections	.debug_frame
  19              		.file 1 "Core/Src/gpio.c"
  20              		.section	.text.MX_GPIO_Init,"ax",%progbits
  21              		.align	1
  22              		.global	MX_GPIO_Init
  23              		.syntax unified
  24              		.thumb
  25              		.thumb_func
  27              	MX_GPIO_Init:
  28              	.LFB132:
   1:Core/Src/gpio.c **** /* USER CODE BEGIN Header */
   2:Core/Src/gpio.c **** /**
   3:Core/Src/gpio.c ****   ******************************************************************************
   4:Core/Src/gpio.c ****   * @file    gpio.c
   5:Core/Src/gpio.c ****   * @brief   This file provides code for the configuration
   6:Core/Src/gpio.c ****   *          of all used GPIO pins.
   7:Core/Src/gpio.c ****   ******************************************************************************
   8:Core/Src/gpio.c ****   * @attention
   9:Core/Src/gpio.c ****   *
  10:Core/Src/gpio.c ****   * Copyright (c) 2024 STMicroelectronics.
  11:Core/Src/gpio.c ****   * All rights reserved.
  12:Core/Src/gpio.c ****   *
  13:Core/Src/gpio.c ****   * This software is licensed under terms that can be found in the LICENSE file
  14:Core/Src/gpio.c ****   * in the root directory of this software component.
  15:Core/Src/gpio.c ****   * If no LICENSE file comes with this software, it is provided AS-IS.
  16:Core/Src/gpio.c ****   *
  17:Core/Src/gpio.c ****   ******************************************************************************
  18:Core/Src/gpio.c ****   */
  19:Core/Src/gpio.c **** /* USER CODE END Header */
  20:Core/Src/gpio.c **** 
  21:Core/Src/gpio.c **** /* Includes ------------------------------------------------------------------*/
  22:Core/Src/gpio.c **** #include "gpio.h"
  23:Core/Src/gpio.c **** 
  24:Core/Src/gpio.c **** /* USER CODE BEGIN 0 */
  25:Core/Src/gpio.c **** 
  26:Core/Src/gpio.c **** /* USER CODE END 0 */
  27:Core/Src/gpio.c **** 
  28:Core/Src/gpio.c **** /*----------------------------------------------------------------------------*/
  29:Core/Src/gpio.c **** /* Configure GPIO                                                             */
  30:Core/Src/gpio.c **** /*----------------------------------------------------------------------------*/
ARM GAS  /tmp/ccXruCUq.s 			page 2


  31:Core/Src/gpio.c **** /* USER CODE BEGIN 1 */
  32:Core/Src/gpio.c **** 
  33:Core/Src/gpio.c **** /* USER CODE END 1 */
  34:Core/Src/gpio.c **** 
  35:Core/Src/gpio.c **** /** Configure pins as
  36:Core/Src/gpio.c ****         * Analog
  37:Core/Src/gpio.c ****         * Input
  38:Core/Src/gpio.c ****         * Output
  39:Core/Src/gpio.c ****         * EVENT_OUT
  40:Core/Src/gpio.c ****         * EXTI
  41:Core/Src/gpio.c **** */
  42:Core/Src/gpio.c **** void MX_GPIO_Init(void)
  43:Core/Src/gpio.c **** {
  29              		.loc 1 43 1 view -0
  30              		.cfi_startproc
  31              		@ args = 0, pretend = 0, frame = 40
  32              		@ frame_needed = 0, uses_anonymous_args = 0
  33 0000 F0B5     		push	{r4, r5, r6, r7, lr}
  34              	.LCFI0:
  35              		.cfi_def_cfa_offset 20
  36              		.cfi_offset 4, -20
  37              		.cfi_offset 5, -16
  38              		.cfi_offset 6, -12
  39              		.cfi_offset 7, -8
  40              		.cfi_offset 14, -4
  41 0002 8BB0     		sub	sp, sp, #44
  42              	.LCFI1:
  43              		.cfi_def_cfa_offset 64
  44:Core/Src/gpio.c **** 
  45:Core/Src/gpio.c ****   GPIO_InitTypeDef GPIO_InitStruct = {0};
  44              		.loc 1 45 3 view .LVU1
  45              		.loc 1 45 20 is_stmt 0 view .LVU2
  46 0004 0024     		movs	r4, #0
  47 0006 0594     		str	r4, [sp, #20]
  48 0008 0694     		str	r4, [sp, #24]
  49 000a 0794     		str	r4, [sp, #28]
  50 000c 0894     		str	r4, [sp, #32]
  51 000e 0994     		str	r4, [sp, #36]
  46:Core/Src/gpio.c **** 
  47:Core/Src/gpio.c ****   /* GPIO Ports Clock Enable */
  48:Core/Src/gpio.c ****   __HAL_RCC_GPIOC_CLK_ENABLE();
  52              		.loc 1 48 3 is_stmt 1 view .LVU3
  53              	.LBB2:
  54              		.loc 1 48 3 view .LVU4
  55              		.loc 1 48 3 view .LVU5
  56 0010 234B     		ldr	r3, .L3
  57 0012 DA6C     		ldr	r2, [r3, #76]
  58 0014 42F00402 		orr	r2, r2, #4
  59 0018 DA64     		str	r2, [r3, #76]
  60              		.loc 1 48 3 view .LVU6
  61 001a DA6C     		ldr	r2, [r3, #76]
  62 001c 02F00402 		and	r2, r2, #4
  63 0020 0192     		str	r2, [sp, #4]
  64              		.loc 1 48 3 view .LVU7
  65 0022 019A     		ldr	r2, [sp, #4]
  66              	.LBE2:
  67              		.loc 1 48 3 view .LVU8
ARM GAS  /tmp/ccXruCUq.s 			page 3


  49:Core/Src/gpio.c ****   __HAL_RCC_GPIOF_CLK_ENABLE();
  68              		.loc 1 49 3 view .LVU9
  69              	.LBB3:
  70              		.loc 1 49 3 view .LVU10
  71              		.loc 1 49 3 view .LVU11
  72 0024 DA6C     		ldr	r2, [r3, #76]
  73 0026 42F02002 		orr	r2, r2, #32
  74 002a DA64     		str	r2, [r3, #76]
  75              		.loc 1 49 3 view .LVU12
  76 002c DA6C     		ldr	r2, [r3, #76]
  77 002e 02F02002 		and	r2, r2, #32
  78 0032 0292     		str	r2, [sp, #8]
  79              		.loc 1 49 3 view .LVU13
  80 0034 029A     		ldr	r2, [sp, #8]
  81              	.LBE3:
  82              		.loc 1 49 3 view .LVU14
  50:Core/Src/gpio.c ****   __HAL_RCC_GPIOA_CLK_ENABLE();
  83              		.loc 1 50 3 view .LVU15
  84              	.LBB4:
  85              		.loc 1 50 3 view .LVU16
  86              		.loc 1 50 3 view .LVU17
  87 0036 DA6C     		ldr	r2, [r3, #76]
  88 0038 42F00102 		orr	r2, r2, #1
  89 003c DA64     		str	r2, [r3, #76]
  90              		.loc 1 50 3 view .LVU18
  91 003e DA6C     		ldr	r2, [r3, #76]
  92 0040 02F00102 		and	r2, r2, #1
  93 0044 0392     		str	r2, [sp, #12]
  94              		.loc 1 50 3 view .LVU19
  95 0046 039A     		ldr	r2, [sp, #12]
  96              	.LBE4:
  97              		.loc 1 50 3 view .LVU20
  51:Core/Src/gpio.c ****   __HAL_RCC_GPIOD_CLK_ENABLE();
  98              		.loc 1 51 3 view .LVU21
  99              	.LBB5:
 100              		.loc 1 51 3 view .LVU22
 101              		.loc 1 51 3 view .LVU23
 102 0048 DA6C     		ldr	r2, [r3, #76]
 103 004a 42F00802 		orr	r2, r2, #8
 104 004e DA64     		str	r2, [r3, #76]
 105              		.loc 1 51 3 view .LVU24
 106 0050 DB6C     		ldr	r3, [r3, #76]
 107 0052 03F00803 		and	r3, r3, #8
 108 0056 0493     		str	r3, [sp, #16]
 109              		.loc 1 51 3 view .LVU25
 110 0058 049B     		ldr	r3, [sp, #16]
 111              	.LBE5:
 112              		.loc 1 51 3 view .LVU26
  52:Core/Src/gpio.c **** 
  53:Core/Src/gpio.c ****   /*Configure GPIO pin Output Level */
  54:Core/Src/gpio.c ****   HAL_GPIO_WritePin(GPIOC, GPIO_PIN_13|GPIO_PIN_14|GPIO_PIN_15|GPIO_PIN_8
 113              		.loc 1 54 3 view .LVU27
 114 005a 124F     		ldr	r7, .L3+4
 115 005c 2246     		mov	r2, r4
 116 005e 4FF47F41 		mov	r1, #65280
 117 0062 3846     		mov	r0, r7
 118 0064 FFF7FEFF 		bl	HAL_GPIO_WritePin
ARM GAS  /tmp/ccXruCUq.s 			page 4


 119              	.LVL0:
  55:Core/Src/gpio.c ****                           |GPIO_PIN_9|GPIO_PIN_10|GPIO_PIN_11|GPIO_PIN_12, GPIO_PIN_RESET);
  56:Core/Src/gpio.c **** 
  57:Core/Src/gpio.c ****   /*Configure GPIO pin Output Level */
  58:Core/Src/gpio.c ****   HAL_GPIO_WritePin(GPIOD, GPIO_PIN_2, GPIO_PIN_RESET);
 120              		.loc 1 58 3 view .LVU28
 121 0068 0F4D     		ldr	r5, .L3+8
 122 006a 2246     		mov	r2, r4
 123 006c 0421     		movs	r1, #4
 124 006e 2846     		mov	r0, r5
 125 0070 FFF7FEFF 		bl	HAL_GPIO_WritePin
 126              	.LVL1:
  59:Core/Src/gpio.c **** 
  60:Core/Src/gpio.c ****   /*Configure GPIO pins : PC13 PC14 PC15 PC8
  61:Core/Src/gpio.c ****                            PC9 PC10 PC11 PC12 */
  62:Core/Src/gpio.c ****   GPIO_InitStruct.Pin = GPIO_PIN_13|GPIO_PIN_14|GPIO_PIN_15|GPIO_PIN_8
 127              		.loc 1 62 3 view .LVU29
 128              		.loc 1 62 23 is_stmt 0 view .LVU30
 129 0074 4FF47F43 		mov	r3, #65280
 130 0078 0593     		str	r3, [sp, #20]
  63:Core/Src/gpio.c ****                           |GPIO_PIN_9|GPIO_PIN_10|GPIO_PIN_11|GPIO_PIN_12;
  64:Core/Src/gpio.c ****   GPIO_InitStruct.Mode = GPIO_MODE_OUTPUT_PP;
 131              		.loc 1 64 3 is_stmt 1 view .LVU31
 132              		.loc 1 64 24 is_stmt 0 view .LVU32
 133 007a 0126     		movs	r6, #1
 134 007c 0696     		str	r6, [sp, #24]
  65:Core/Src/gpio.c ****   GPIO_InitStruct.Pull = GPIO_NOPULL;
 135              		.loc 1 65 3 is_stmt 1 view .LVU33
 136              		.loc 1 65 24 is_stmt 0 view .LVU34
 137 007e 0794     		str	r4, [sp, #28]
  66:Core/Src/gpio.c ****   GPIO_InitStruct.Speed = GPIO_SPEED_FREQ_LOW;
 138              		.loc 1 66 3 is_stmt 1 view .LVU35
 139              		.loc 1 66 25 is_stmt 0 view .LVU36
 140 0080 0894     		str	r4, [sp, #32]
  67:Core/Src/gpio.c ****   HAL_GPIO_Init(GPIOC, &GPIO_InitStruct);
 141              		.loc 1 67 3 is_stmt 1 view .LVU37
 142 0082 05A9     		add	r1, sp, #20
 143 0084 3846     		mov	r0, r7
 144 0086 FFF7FEFF 		bl	HAL_GPIO_Init
 145              	.LVL2:
  68:Core/Src/gpio.c **** 
  69:Core/Src/gpio.c ****   /*Configure GPIO pin : PD2 */
  70:Core/Src/gpio.c ****   GPIO_InitStruct.Pin = GPIO_PIN_2;
 146              		.loc 1 70 3 view .LVU38
 147              		.loc 1 70 23 is_stmt 0 view .LVU39
 148 008a 0423     		movs	r3, #4
 149 008c 0593     		str	r3, [sp, #20]
  71:Core/Src/gpio.c ****   GPIO_InitStruct.Mode = GPIO_MODE_OUTPUT_PP;
 150              		.loc 1 71 3 is_stmt 1 view .LVU40
 151              		.loc 1 71 24 is_stmt 0 view .LVU41
 152 008e 0696     		str	r6, [sp, #24]
  72:Core/Src/gpio.c ****   GPIO_InitStruct.Pull = GPIO_NOPULL;
 153              		.loc 1 72 3 is_stmt 1 view .LVU42
 154              		.loc 1 72 24 is_stmt 0 view .LVU43
 155 0090 0794     		str	r4, [sp, #28]
  73:Core/Src/gpio.c ****   GPIO_InitStruct.Speed = GPIO_SPEED_FREQ_LOW;
 156              		.loc 1 73 3 is_stmt 1 view .LVU44
ARM GAS  /tmp/ccXruCUq.s 			page 5


 157              		.loc 1 73 25 is_stmt 0 view .LVU45
 158 0092 0894     		str	r4, [sp, #32]
  74:Core/Src/gpio.c ****   HAL_GPIO_Init(GPIOD, &GPIO_InitStruct);
 159              		.loc 1 74 3 is_stmt 1 view .LVU46
 160 0094 05A9     		add	r1, sp, #20
 161 0096 2846     		mov	r0, r5
 162 0098 FFF7FEFF 		bl	HAL_GPIO_Init
 163              	.LVL3:
  75:Core/Src/gpio.c **** 
  76:Core/Src/gpio.c **** }
 164              		.loc 1 76 1 is_stmt 0 view .LVU47
 165 009c 0BB0     		add	sp, sp, #44
 166              	.LCFI2:
 167              		.cfi_def_cfa_offset 20
 168              		@ sp needed
 169 009e F0BD     		pop	{r4, r5, r6, r7, pc}
 170              	.L4:
 171              		.align	2
 172              	.L3:
 173 00a0 00100240 		.word	1073876992
 174 00a4 00080048 		.word	1207961600
 175 00a8 000C0048 		.word	1207962624
 176              		.cfi_endproc
 177              	.LFE132:
 179              		.text
 180              	.Letext0:
 181              		.file 2 "/usr/local/arm/arm-gnu-toolchain-13.2.Rel1-x86_64-arm-none-eabi/arm-none-eabi/include/mac
 182              		.file 3 "/usr/local/arm/arm-gnu-toolchain-13.2.Rel1-x86_64-arm-none-eabi/arm-none-eabi/include/sys
 183              		.file 4 "Drivers/CMSIS/Device/ST/STM32G4xx/Include/stm32g431xx.h"
 184              		.file 5 "Drivers/STM32G4xx_HAL_Driver/Inc/stm32g4xx_hal_gpio.h"
ARM GAS  /tmp/ccXruCUq.s 			page 6


DEFINED SYMBOLS
                            *ABS*:00000000 gpio.c
     /tmp/ccXruCUq.s:21     .text.MX_GPIO_Init:00000000 $t
     /tmp/ccXruCUq.s:27     .text.MX_GPIO_Init:00000000 MX_GPIO_Init
     /tmp/ccXruCUq.s:173    .text.MX_GPIO_Init:000000a0 $d

UNDEFINED SYMBOLS
HAL_GPIO_WritePin
HAL_GPIO_Init
